# JRE version: Java(TM) SE Runtime Environment (8.0_191-b12) (build 1.8.0_191-b12)
# Java VM: Java HotSpot(TM) 64-Bit Server VM (25.191-b12 mixed mode linux-amd64 compressed oops)
Heap:
 PSYoungGen      total 1590272K, used 810349K [0x000000071a000000, 0x0000000796580000, 0x00000007c0000000)
  eden space 1460224K, 46% used [0x000000071a000000,0x0000000743863268,0x0000000773200000)
  from space 130048K, 99% used [0x0000000773200000,0x000000077b0f82d0,0x000000077b100000)
  to   space 166912K, 0% used [0x000000078c280000,0x000000078c280000,0x0000000796580000)
 ParOldGen       total 553472K, used 260751K [0x00000005ce000000, 0x00000005efc80000, 0x000000071a000000)
  object space 553472K, 47% used [0x00000005ce000000,0x00000005ddea3d88,0x00000005efc80000)
 Metaspace       used 43145K, capacity 44204K, committed 44376K, reserved 1087488K
  class space    used 5352K, capacity 5599K, committed 5720K, reserved 1048576K
GC Heap History (10 events):
Event: 15.913 GC heap before
{Heap before GC invocations=7 (full 1):
 PSYoungGen      total 532992K, used 512000K [0x000000071a000000, 0x0000000767000000, 0x00000007c0000000)
  eden space 512000K, 100% used [0x000000071a000000,0x0000000739400000,0x0000000739400000)
  from space 20992K, 0% used [0x0000000739400000,0x0000000739400000,0x000000073a880000)
  to   space 118784K, 0% used [0x000000075fc00000,0x000000075fc00000,0x0000000767000000)
 ParOldGen       total 404480K, used 146258K [0x00000005ce000000, 0x00000005e6b00000, 0x000000071a000000)
  object space 404480K, 36% used [0x00000005ce000000,0x00000005d6ed4ba0,0x00000005e6b00000)
 Metaspace       used 28676K, capacity 29362K, committed 29568K, reserved 1075200K
  class space    used 3496K, capacity 3642K, committed 3712K, reserved 1048576K
Event: 15.949 GC heap after
Heap after GC invocations=7 (full 1):
 PSYoungGen      total 969728K, used 84470K [0x000000071a000000, 0x0000000764e80000, 0x00000007c0000000)
  eden space 885248K, 0% used [0x000000071a000000,0x000000071a000000,0x0000000750080000)
  from space 84480K, 99% used [0x000000075fc00000,0x0000000764e7db00,0x0000000764e80000)
  to   space 128000K, 0% used [0x0000000755480000,0x0000000755480000,0x000000075d180000)
 ParOldGen       total 404480K, used 146338K [0x00000005ce000000, 0x00000005e6b00000, 0x000000071a000000)
  object space 404480K, 36% used [0x00000005ce000000,0x00000005d6ee8bb0,0x00000005e6b00000)
 Metaspace       used 28676K, capacity 29362K, committed 29568K, reserved 1075200K
  class space    used 3496K, capacity 3642K, committed 3712K, reserved 1048576K
}
Event: 16.308 GC heap before
{Heap before GC invocations=8 (full 1):
 PSYoungGen      total 969728K, used 251320K [0x000000071a000000, 0x0000000764e80000, 0x00000007c0000000)
  eden space 885248K, 18% used [0x000000071a000000,0x00000007242f0698,0x0000000750080000)
  from space 84480K, 99% used [0x000000075fc00000,0x0000000764e7db00,0x0000000764e80000)
  to   space 128000K, 0% used [0x0000000755480000,0x0000000755480000,0x000000075d180000)
 ParOldGen       total 404480K, used 146338K [0x00000005ce000000, 0x00000005e6b00000, 0x000000071a000000)
  object space 404480K, 36% used [0x00000005ce000000,0x00000005d6ee8bb0,0x00000005e6b00000)
 Metaspace       used 34508K, capacity 35210K, committed 35416K, reserved 1079296K
  class space    used 4447K, capacity 4620K, committed 4696K, reserved 1048576K
Event: 16.327 GC heap after
Heap after GC invocations=8 (full 1):
 PSYoungGen      total 1099264K, used 82020K [0x000000071a000000, 0x0000000789a00000, 0x00000007c0000000)
  eden space 971264K, 0% used [0x000000071a000000,0x000000071a000000,0x0000000755480000)
  from space 128000K, 64% used [0x0000000755480000,0x000000075a499048,0x000000075d180000)
  to   space 131584K, 0% used [0x0000000781980000,0x0000000781980000,0x0000000789a00000)
 ParOldGen       total 404480K, used 146346K [0x00000005ce000000, 0x00000005e6b00000, 0x000000071a000000)
  object space 404480K, 36% used [0x00000005ce000000,0x00000005d6eeabb0,0x00000005e6b00000)
 Metaspace       used 34508K, capacity 35210K, committed 35416K, reserved 1079296K
  class space    used 4447K, capacity 4620K, committed 4696K, reserved 1048576K
}
Event: 16.327 GC heap before
{Heap before GC invocations=9 (full 2):
 PSYoungGen      total 1099264K, used 82020K [0x000000071a000000, 0x0000000789a00000, 0x00000007c0000000)
  eden space 971264K, 0% used [0x000000071a000000,0x000000071a000000,0x0000000755480000)
  from space 128000K, 64% used [0x0000000755480000,0x000000075a499048,0x000000075d180000)
  to   space 131584K, 0% used [0x0000000781980000,0x0000000781980000,0x0000000789a00000)
 ParOldGen       total 404480K, used 146346K [0x00000005ce000000, 0x00000005e6b00000, 0x000000071a000000)
  object space 404480K, 36% used [0x00000005ce000000,0x00000005d6eeabb0,0x00000005e6b00000)
 Metaspace       used 34508K, capacity 35210K, committed 35416K, reserved 1079296K
  class space    used 4447K, capacity 4620K, committed 4696K, reserved 1048576K
Event: 16.460 GC heap after
Heap after GC invocations=9 (full 2):
 PSYoungGen      total 1099264K, used 0K [0x000000071a000000, 0x0000000789a00000, 0x00000007c0000000)
  eden space 971264K, 0% used [0x000000071a000000,0x000000071a000000,0x0000000755480000)
  from space 128000K, 0% used [0x0000000755480000,0x0000000755480000,0x000000075d180000)
  to   space 131584K, 0% used [0x0000000781980000,0x0000000781980000,0x0000000789a00000)
 ParOldGen       total 553472K, used 224717K [0x00000005ce000000, 0x00000005efc80000, 0x000000071a000000)
  object space 553472K, 40% used [0x00000005ce000000,0x00000005dbb734c8,0x00000005efc80000)
 Metaspace       used 34508K, capacity 35210K, committed 35416K, reserved 1079296K
  class space    used 4447K, capacity 4620K, committed 4696K, reserved 1048576K
}
Event: 112.295 GC heap before
{Heap before GC invocations=10 (full 2):
 PSYoungGen      total 1099264K, used 971264K [0x000000071a000000, 0x0000000789a00000, 0x00000007c0000000)
  eden space 971264K, 100% used [0x000000071a000000,0x0000000755480000,0x0000000755480000)
  from space 128000K, 0% used [0x0000000755480000,0x0000000755480000,0x000000075d180000)
  to   space 131584K, 0% used [0x0000000781980000,0x0000000781980000,0x0000000789a00000)
 ParOldGen       total 553472K, used 224717K [0x00000005ce000000, 0x00000005efc80000, 0x000000071a000000)
  object space 553472K, 40% used [0x00000005ce000000,0x00000005dbb734c8,0x00000005efc80000)
 Metaspace       used 41785K, capacity 42788K, committed 42968K, reserved 1087488K
  class space    used 5283K, capacity 5513K, committed 5592K, reserved 1048576K
Event: 112.308 GC heap after
Heap after GC invocations=10 (full 2):
 PSYoungGen      total 1414656K, used 22895K [0x000000071a000000, 0x0000000783000000, 0x00000007c0000000)
  eden space 1391616K, 0% used [0x000000071a000000,0x000000071a000000,0x000000076ef00000)
  from space 23040K, 99% used [0x0000000781980000,0x0000000782fdbe38,0x0000000783000000)
  to   space 130048K, 0% used [0x0000000773200000,0x0000000773200000,0x000000077b100000)
 ParOldGen       total 553472K, used 224725K [0x00000005ce000000, 0x00000005efc80000, 0x000000071a000000)
  object space 553472K, 40% used [0x00000005ce000000,0x00000005dbb754c8,0x00000005efc80000)
 Metaspace       used 41785K, capacity 42788K, committed 42968K, reserved 1087488K
  class space    used 5283K, capacity 5513K, committed 5592K, reserved 1048576K
}
Event: 128.154 GC heap before
{Heap before GC invocations=11 (full 2):
 PSYoungGen      total 1414656K, used 1414511K [0x000000071a000000, 0x0000000783000000, 0x00000007c0000000)
  eden space 1391616K, 100% used [0x000000071a000000,0x000000076ef00000,0x000000076ef00000)
  from space 23040K, 99% used [0x0000000781980000,0x0000000782fdbe38,0x0000000783000000)
  to   space 130048K, 0% used [0x0000000773200000,0x0000000773200000,0x000000077b100000)
 ParOldGen       total 553472K, used 224725K [0x00000005ce000000, 0x00000005efc80000, 0x000000071a000000)
  object space 553472K, 40% used [0x00000005ce000000,0x00000005dbb754c8,0x00000005efc80000)
 Metaspace       used 42548K, capacity 43612K, committed 43736K, reserved 1087488K
  class space    used 5325K, capacity 5563K, committed 5592K, reserved 1048576K
Event: 128.198 GC heap after
Heap after GC invocations=11 (full 2):
 PSYoungGen      total 1590272K, used 130016K [0x000000071a000000, 0x0000000796580000, 0x00000007c0000000)
  eden space 1460224K, 0% used [0x000000071a000000,0x000000071a000000,0x0000000773200000)
  from space 130048K, 99% used [0x0000000773200000,0x000000077b0f82d0,0x000000077b100000)
  to   space 166912K, 0% used [0x000000078c280000,0x000000078c280000,0x0000000796580000)
 ParOldGen       total 553472K, used 260751K [0x00000005ce000000, 0x00000005efc80000, 0x000000071a000000)
  object space 553472K, 47% used [0x00000005ce000000,0x00000005ddea3d88,0x00000005efc80000)
 Metaspace       used 42548K, capacity 43612K, committed 43736K, reserved 1087488K
  class space    used 5325K, capacity 5563K, committed 5592K, reserved 1048576K
}

